2013/04/14 11:42:15 [error] [exception.CHttpException.404] exception 'CHttpException' with message 'Unable to resolve the request "git".' in C:\make a website\yii\framework\web\CWebApplication.php:286
Stack trace:
#0 C:\make a website\yii\framework\web\CWebApplication.php(141): CWebApplication->runController('git')
#1 C:\make a website\yii\framework\base\CApplication.php(169): CWebApplication->processRequest()
#2 C:\make a website\yii.zfort\index.php(13): CApplication->run()
#3 {main}
REQUEST_URI=/index.php?r=git
---
2013/04/14 11:43:59 [error] [exception.CHttpException.404] exception 'CHttpException' with message 'The requested view "about" was not found.' in C:\make a website\yii\framework\web\actions\CViewAction.php:112
Stack trace:
#0 C:\make a website\yii\framework\web\actions\CViewAction.php(123): CViewAction->resolveView('about')
#1 C:\make a website\yii\framework\web\actions\CAction.php(76): CViewAction->run()
#2 C:\make a website\yii\framework\web\CController.php(308): CAction->runWithParams(Array)
#3 C:\make a website\yii\framework\web\CController.php(286): CController->runAction(Object(CViewAction))
#4 C:\make a website\yii\framework\web\CController.php(265): CController->runActionWithFilters(Object(CViewAction), Array)
#5 C:\make a website\yii\framework\web\CWebApplication.php(282): CController->run('page')
#6 C:\make a website\yii\framework\web\CWebApplication.php(141): CWebApplication->runController('site/page')
#7 C:\make a website\yii\framework\base\CApplication.php(169): CWebApplication->processRequest()
#8 C:\make a website\yii.zfort\index.php(13): CApplication->run()
#9 {main}
REQUEST_URI=/index.php/site/page?view=about
HTTP_REFERER=http://yii.zfort/index.php/site/index
---
2013/04/14 11:44:59 [error] [exception.CHttpException.404] exception 'CHttpException' with message 'The requested view "about" was not found.' in C:\make a website\yii\framework\web\actions\CViewAction.php:112
Stack trace:
#0 C:\make a website\yii\framework\web\actions\CViewAction.php(123): CViewAction->resolveView('about')
#1 C:\make a website\yii\framework\web\actions\CAction.php(76): CViewAction->run()
#2 C:\make a website\yii\framework\web\CController.php(308): CAction->runWithParams(Array)
#3 C:\make a website\yii\framework\web\CController.php(286): CController->runAction(Object(CViewAction))
#4 C:\make a website\yii\framework\web\CController.php(265): CController->runActionWithFilters(Object(CViewAction), Array)
#5 C:\make a website\yii\framework\web\CWebApplication.php(282): CController->run('page')
#6 C:\make a website\yii\framework\web\CWebApplication.php(141): CWebApplication->runController('site/page')
#7 C:\make a website\yii\framework\base\CApplication.php(169): CWebApplication->processRequest()
#8 C:\make a website\yii.zfort\index.php(13): CApplication->run()
#9 {main}
REQUEST_URI=/index.php/site/page?view=about
HTTP_REFERER=http://yii.zfort/index.php/site/index
---
